Building DAG of jobs...
Your conda installation is not configured to use strict channel priorities. This is however crucial for having robust and correct environments (for details, see https://conda-forge.org/docs/user/tipsandtricks.html). Please consider to configure strict priorities by executing 'conda config --set channel_priority strict'.
Using shell: /usr/bin/bash
Provided cores: 1 (use --cores to define parallelism)
Rules claiming more threads will be scaled down.
Job stats:
job               count    min threads    max threads
--------------  -------  -------------  -------------
all                   1              1              1
all_rawFastqc         1              1              1
all_trimFastqc        1              1              1
phix_bowtie2        102              1              1
rawFastqc             1              1              1
trimFastqc          102              1              1
trimmomatic           1              1              1
total               209              1              1

Select jobs to execute...

[Fri Jun 23 12:04:56 2023]
rule phix_bowtie2:
    input: /group/weimergrp2/genomes/lactococcus/analysis/sampleFiles/BCW-000717/trimedReads/BCW-000717_R1_trim.fastq.gz, /group/weimergrp2/genomes/lactococcus/analysis/sampleFiles/BCW-000717/trimedReads/BCW-000717_R2_trim.fastq.gz
    output: /group/weimergrp2/genomes/lactococcus/analysis/sampleFiles/BCW-000717/trimedReads/BCW-000717_R1_trim_px.fastq.gz, /group/weimergrp2/genomes/lactococcus/analysis/sampleFiles/BCW-000717/trimedReads/BCW-000717_R2_trim_px.fastq.gz, /group/weimergrp2/genomes/lactococcus/analysis/sampleFiles/BCW-000717/trimedReads/BCW-000717_phix.sam, /group/weimergrp2/genomes/lactococcus/analysis/sampleFiles/BCW-000717/trimedReads/BCW-000717_phix.out
    jobid: 235
    reason: Missing output files: /group/weimergrp2/genomes/lactococcus/analysis/sampleFiles/BCW-000717/trimedReads/BCW-000717_R1_trim_px.fastq.gz, /group/weimergrp2/genomes/lactococcus/analysis/sampleFiles/BCW-000717/trimedReads/BCW-000717_R2_trim_px.fastq.gz
    wildcards: smpl=BCW-000717
    resources: tmpdir=/tmp

Activating conda environment: .snakemake/conda/f74f8af1e3ea7aef29ac3306df123503_
[Fri Jun 23 12:07:15 2023]
Finished job 235.
1 of 209 steps (0.5%) done
Removing temporary output /group/weimergrp2/genomes/lactococcus/analysis/sampleFiles/BCW-000717/trimedReads/BCW-000717_phix.out.
Select jobs to execute...

[Fri Jun 23 12:07:16 2023]
rule phix_bowtie2:
    input: /group/weimergrp2/genomes/lactococcus/analysis/sampleFiles/BCW-000212/trimedReads/BCW-000212_R1_trim.fastq.gz, /group/weimergrp2/genomes/lactococcus/analysis/sampleFiles/BCW-000212/trimedReads/BCW-000212_R2_trim.fastq.gz
    output: /group/weimergrp2/genomes/lactococcus/analysis/sampleFiles/BCW-000212/trimedReads/BCW-000212_R1_trim_px.fastq.gz, /group/weimergrp2/genomes/lactococcus/analysis/sampleFiles/BCW-000212/trimedReads/BCW-000212_R2_trim_px.fastq.gz, /group/weimergrp2/genomes/lactococcus/analysis/sampleFiles/BCW-000212/trimedReads/BCW-000212_phix.sam, /group/weimergrp2/genomes/lactococcus/analysis/sampleFiles/BCW-000212/trimedReads/BCW-000212_phix.out
    jobid: 291
    reason: Missing output files: /group/weimergrp2/genomes/lactococcus/analysis/sampleFiles/BCW-000212/trimedReads/BCW-000212_R1_trim_px.fastq.gz, /group/weimergrp2/genomes/lactococcus/analysis/sampleFiles/BCW-000212/trimedReads/BCW-000212_R2_trim_px.fastq.gz
    wildcards: smpl=BCW-000212
    resources: tmpdir=/tmp

Activating conda environment: .snakemake/conda/f74f8af1e3ea7aef29ac3306df123503_
[Fri Jun 23 12:07:59 2023]
Finished job 291.
2 of 209 steps (1%) done
Removing temporary output /group/weimergrp2/genomes/lactococcus/analysis/sampleFiles/BCW-000212/trimedReads/BCW-000212_phix.out.
Select jobs to execute...

[Fri Jun 23 12:07:59 2023]
rule phix_bowtie2:
    input: /group/weimergrp2/genomes/lactococcus/analysis/sampleFiles/BCW_200232/trimedReads/BCW_200232_R1_trim.fastq.gz, /group/weimergrp2/genomes/lactococcus/analysis/sampleFiles/BCW_200232/trimedReads/BCW_200232_R2_trim.fastq.gz
    output: /group/weimergrp2/genomes/lactococcus/analysis/sampleFiles/BCW_200232/trimedReads/BCW_200232_R1_trim_px.fastq.gz, /group/weimergrp2/genomes/lactococcus/analysis/sampleFiles/BCW_200232/trimedReads/BCW_200232_R2_trim_px.fastq.gz, /group/weimergrp2/genomes/lactococcus/analysis/sampleFiles/BCW_200232/trimedReads/BCW_200232_phix.sam, /group/weimergrp2/genomes/lactococcus/analysis/sampleFiles/BCW_200232/trimedReads/BCW_200232_phix.out
    jobid: 403
    reason: Missing output files: /group/weimergrp2/genomes/lactococcus/analysis/sampleFiles/BCW_200232/trimedReads/BCW_200232_R1_trim_px.fastq.gz, /group/weimergrp2/genomes/lactococcus/analysis/sampleFiles/BCW_200232/trimedReads/BCW_200232_R2_trim_px.fastq.gz
    wildcards: smpl=BCW_200232
    resources: tmpdir=/tmp

Activating conda environment: .snakemake/conda/f74f8af1e3ea7aef29ac3306df123503_
[Fri Jun 23 12:11:03 2023]
Finished job 403.
3 of 209 steps (1%) done
Removing temporary output /group/weimergrp2/genomes/lactococcus/analysis/sampleFiles/BCW_200232/trimedReads/BCW_200232_phix.out.
Select jobs to execute...

[Fri Jun 23 12:11:03 2023]
rule phix_bowtie2:
    input: /group/weimergrp2/genomes/lactococcus/analysis/sampleFiles/BCW-000718/trimedReads/BCW-000718_R1_trim.fastq.gz, /group/weimergrp2/genomes/lactococcus/analysis/sampleFiles/BCW-000718/trimedReads/BCW-000718_R2_trim.fastq.gz
    output: /group/weimergrp2/genomes/lactococcus/analysis/sampleFiles/BCW-000718/trimedReads/BCW-000718_R1_trim_px.fastq.gz, /group/weimergrp2/genomes/lactococcus/analysis/sampleFiles/BCW-000718/trimedReads/BCW-000718_R2_trim_px.fastq.gz, /group/weimergrp2/genomes/lactococcus/analysis/sampleFiles/BCW-000718/trimedReads/BCW-000718_phix.sam, /group/weimergrp2/genomes/lactococcus/analysis/sampleFiles/BCW-000718/trimedReads/BCW-000718_phix.out
    jobid: 347
    reason: Missing output files: /group/weimergrp2/genomes/lactococcus/analysis/sampleFiles/BCW-000718/trimedReads/BCW-000718_R1_trim_px.fastq.gz, /group/weimergrp2/genomes/lactococcus/analysis/sampleFiles/BCW-000718/trimedReads/BCW-000718_R2_trim_px.fastq.gz
    wildcards: smpl=BCW-000718
    resources: tmpdir=/tmp

Activating conda environment: .snakemake/conda/f74f8af1e3ea7aef29ac3306df123503_
[Fri Jun 23 12:12:13 2023]
Finished job 347.
4 of 209 steps (2%) done
Removing temporary output /group/weimergrp2/genomes/lactococcus/analysis/sampleFiles/BCW-000718/trimedReads/BCW-000718_phix.out.
Select jobs to execute...

[Fri Jun 23 12:12:13 2023]
rule phix_bowtie2:
    input: /group/weimergrp2/genomes/lactococcus/analysis/sampleFiles/BCW-000698/trimedReads/BCW-000698_R1_trim.fastq.gz, /group/weimergrp2/genomes/lactococcus/analysis/sampleFiles/BCW-000698/trimedReads/BCW-000698_R2_trim.fastq.gz
    output: /group/weimergrp2/genomes/lactococcus/analysis/sampleFiles/BCW-000698/trimedReads/BCW-000698_R1_trim_px.fastq.gz, /group/weimergrp2/genomes/lactococcus/analysis/sampleFiles/BCW-000698/trimedReads/BCW-000698_R2_trim_px.fastq.gz, /group/weimergrp2/genomes/lactococcus/analysis/sampleFiles/BCW-000698/trimedReads/BCW-000698_phix.sam, /group/weimergrp2/genomes/lactococcus/analysis/sampleFiles/BCW-000698/trimedReads/BCW-000698_phix.out
    jobid: 207
    reason: Missing output files: /group/weimergrp2/genomes/lactococcus/analysis/sampleFiles/BCW-000698/trimedReads/BCW-000698_R2_trim_px.fastq.gz, /group/weimergrp2/genomes/lactococcus/analysis/sampleFiles/BCW-000698/trimedReads/BCW-000698_R1_trim_px.fastq.gz
    wildcards: smpl=BCW-000698
    resources: tmpdir=/tmp

Activating conda environment: .snakemake/conda/f74f8af1e3ea7aef29ac3306df123503_
[Fri Jun 23 12:12:52 2023]
Finished job 207.
5 of 209 steps (2%) done
Removing temporary output /group/weimergrp2/genomes/lactococcus/analysis/sampleFiles/BCW-000698/trimedReads/BCW-000698_phix.out.
Select jobs to execute...

[Fri Jun 23 12:12:52 2023]
rule phix_bowtie2:
    input: /group/weimergrp2/genomes/lactococcus/analysis/sampleFiles/BCW_200077/trimedReads/BCW_200077_R1_trim.fastq.gz, /group/weimergrp2/genomes/lactococcus/analysis/sampleFiles/BCW_200077/trimedReads/BCW_200077_R2_trim.fastq.gz
    output: /group/weimergrp2/genomes/lactococcus/analysis/sampleFiles/BCW_200077/trimedReads/BCW_200077_R1_trim_px.fastq.gz, /group/weimergrp2/genomes/lactococcus/analysis/sampleFiles/BCW_200077/trimedReads/BCW_200077_R2_trim_px.fastq.gz, /group/weimergrp2/genomes/lactococcus/analysis/sampleFiles/BCW_200077/trimedReads/BCW_200077_phix.sam, /group/weimergrp2/genomes/lactococcus/analysis/sampleFiles/BCW_200077/trimedReads/BCW_200077_phix.out
    jobid: 373
    reason: Missing output files: /group/weimergrp2/genomes/lactococcus/analysis/sampleFiles/BCW_200077/trimedReads/BCW_200077_R1_trim_px.fastq.gz, /group/weimergrp2/genomes/lactococcus/analysis/sampleFiles/BCW_200077/trimedReads/BCW_200077_R2_trim_px.fastq.gz
    wildcards: smpl=BCW_200077
    resources: tmpdir=/tmp

Activating conda environment: .snakemake/conda/f74f8af1e3ea7aef29ac3306df123503_
[Fri Jun 23 12:13:30 2023]
Finished job 373.
6 of 209 steps (3%) done
Removing temporary output /group/weimergrp2/genomes/lactococcus/analysis/sampleFiles/BCW_200077/trimedReads/BCW_200077_phix.out.
Select jobs to execute...

[Fri Jun 23 12:13:30 2023]
rule phix_bowtie2:
    input: /group/weimergrp2/genomes/lactococcus/analysis/sampleFiles/BCW_200159/trimedReads/BCW_200159_R1_trim.fastq.gz, /group/weimergrp2/genomes/lactococcus/analysis/sampleFiles/BCW_200159/trimedReads/BCW_200159_R2_trim.fastq.gz
    output: /group/weimergrp2/genomes/lactococcus/analysis/sampleFiles/BCW_200159/trimedReads/BCW_200159_R1_trim_px.fastq.gz, /group/weimergrp2/genomes/lactococcus/analysis/sampleFiles/BCW_200159/trimedReads/BCW_200159_R2_trim_px.fastq.gz, /group/weimergrp2/genomes/lactococcus/analysis/sampleFiles/BCW_200159/trimedReads/BCW_200159_phix.sam, /group/weimergrp2/genomes/lactococcus/analysis/sampleFiles/BCW_200159/trimedReads/BCW_200159_phix.out
    jobid: 319
    reason: Missing output files: /group/weimergrp2/genomes/lactococcus/analysis/sampleFiles/BCW_200159/trimedReads/BCW_200159_R1_trim_px.fastq.gz, /group/weimergrp2/genomes/lactococcus/analysis/sampleFiles/BCW_200159/trimedReads/BCW_200159_R2_trim_px.fastq.gz
    wildcards: smpl=BCW_200159
    resources: tmpdir=/tmp

Activating conda environment: .snakemake/conda/f74f8af1e3ea7aef29ac3306df123503_
